  main.cpp
C:\Users\lcv2032525\Downloads\PokeShop\PokeShop\Game\main.cpp(71,27): warning C4129: 'm': unrecognized character escape sequence
C:\Users\lcv2032525\Downloads\PokeShop\PokeShop\Game\main.cpp(103,28): warning C4129: 'd': unrecognized character escape sequence
C:\Users\lcv2032525\Downloads\PokeShop\PokeShop\Game\main.cpp(439,79): warning C4244: 'argument': conversion from 'float' to 'int', possible loss of data
C:\Users\lcv2032525\Downloads\PokeShop\PokeShop\Game\main.cpp(439,62): warning C4244: 'argument': conversion from 'float' to 'int', possible loss of data
C:\Users\lcv2032525\Downloads\PokeShop\PokeShop\Game\main.cpp(439,49): warning C4244: 'argument': conversion from 'float' to 'int', possible loss of data
C:\Users\lcv2032525\Downloads\PokeShop\PokeShop\Game\main.cpp(439,36): warning C4244: 'argument': conversion from 'float' to 'int', possible loss of data
C:\Users\lcv2032525\Downloads\PokeShop\PokeShop\Game\main.cpp(492,79): warning C4244: 'argument': conversion from 'float' to 'int', possible loss of data
C:\Users\lcv2032525\Downloads\PokeShop\PokeShop\Game\main.cpp(492,62): warning C4244: 'argument': conversion from 'float' to 'int', possible loss of data
C:\Users\lcv2032525\Downloads\PokeShop\PokeShop\Game\main.cpp(492,49): warning C4244: 'argument': conversion from 'float' to 'int', possible loss of data
C:\Users\lcv2032525\Downloads\PokeShop\PokeShop\Game\main.cpp(492,36): warning C4244: 'argument': conversion from 'float' to 'int', possible loss of data
C:\Users\lcv2032525\Downloads\PokeShop\PokeShop\Game\main.cpp(516,79): warning C4244: 'argument': conversion from 'float' to 'int', possible loss of data
C:\Users\lcv2032525\Downloads\PokeShop\PokeShop\Game\main.cpp(516,62): warning C4244: 'argument': conversion from 'float' to 'int', possible loss of data
C:\Users\lcv2032525\Downloads\PokeShop\PokeShop\Game\main.cpp(516,49): warning C4244: 'argument': conversion from 'float' to 'int', possible loss of data
C:\Users\lcv2032525\Downloads\PokeShop\PokeShop\Game\main.cpp(516,36): warning C4244: 'argument': conversion from 'float' to 'int', possible loss of data
C:\Users\lcv2032525\Downloads\PokeShop\PokeShop\Game\main.cpp(589,79): warning C4244: 'argument': conversion from 'float' to 'int', possible loss of data
C:\Users\lcv2032525\Downloads\PokeShop\PokeShop\Game\main.cpp(589,62): warning C4244: 'argument': conversion from 'float' to 'int', possible loss of data
C:\Users\lcv2032525\Downloads\PokeShop\PokeShop\Game\main.cpp(589,49): warning C4244: 'argument': conversion from 'float' to 'int', possible loss of data
C:\Users\lcv2032525\Downloads\PokeShop\PokeShop\Game\main.cpp(589,36): warning C4244: 'argument': conversion from 'float' to 'int', possible loss of data
C:\Users\lcv2032525\Downloads\PokeShop\PokeShop\Game\main.cpp(677,79): warning C4244: 'argument': conversion from 'float' to 'int', possible loss of data
C:\Users\lcv2032525\Downloads\PokeShop\PokeShop\Game\main.cpp(677,62): warning C4244: 'argument': conversion from 'float' to 'int', possible loss of data
C:\Users\lcv2032525\Downloads\PokeShop\PokeShop\Game\main.cpp(677,49): warning C4244: 'argument': conversion from 'float' to 'int', possible loss of data
C:\Users\lcv2032525\Downloads\PokeShop\PokeShop\Game\main.cpp(677,36): warning C4244: 'argument': conversion from 'float' to 'int', possible loss of data
  Game.vcxproj -> C:\Users\lcv2032525\Downloads\PokeShop\PokeShop\x64\Debug\Game.exe
