  main.cpp
C:\Users\LCV2032525\Desktop\RaylibTemplate\RaylibTemplate\Game\main.cpp(80,57): warning C4244: 'argument': conversion from 'float' to 'int', possible loss of data
C:\Users\LCV2032525\Desktop\RaylibTemplate\RaylibTemplate\Game\main.cpp(80,45): warning C4244: 'argument': conversion from 'float' to 'int', possible loss of data
C:\Users\LCV2032525\Desktop\RaylibTemplate\RaylibTemplate\Game\main.cpp(85,56): warning C4244: 'argument': conversion from 'float' to 'int', possible loss of data
C:\Users\LCV2032525\Desktop\RaylibTemplate\RaylibTemplate\Game\main.cpp(85,44): warning C4244: 'argument': conversion from 'float' to 'int', possible loss of data
C:\Users\LCV2032525\Desktop\RaylibTemplate\RaylibTemplate\Game\main.cpp(90,54): warning C4244: 'argument': conversion from 'float' to 'int', possible loss of data
C:\Users\LCV2032525\Desktop\RaylibTemplate\RaylibTemplate\Game\main.cpp(90,42): warning C4244: 'argument': conversion from 'float' to 'int', possible loss of data
C:\Users\LCV2032525\Desktop\RaylibTemplate\RaylibTemplate\Game\main.cpp(95,56): warning C4244: 'argument': conversion from 'float' to 'int', possible loss of data
C:\Users\LCV2032525\Desktop\RaylibTemplate\RaylibTemplate\Game\main.cpp(95,44): warning C4244: 'argument': conversion from 'float' to 'int', possible loss of data
main.obj : error LNK2019: unresolved external symbol _InitWindow referenced in function _main
main.obj : error LNK2019: unresolved external symbol _WindowShouldClose referenced in function _main
main.obj : error LNK2019: unresolved external symbol _CloseWindow referenced in function _main
main.obj : error LNK2019: unresolved external symbol _ClearBackground referenced in function _main
main.obj : error LNK2019: unresolved external symbol _BeginDrawing referenced in function _main
main.obj : error LNK2019: unresolved external symbol _EndDrawing referenced in function _main
main.obj : error LNK2019: unresolved external symbol _SetTargetFPS referenced in function _main
main.obj : error LNK2019: unresolved external symbol _IsKeyDown referenced in function _main
main.obj : error LNK2019: unresolved external symbol _LoadTexture referenced in function _main
main.obj : error LNK2019: unresolved external symbol _UnloadTexture referenced in function _main
main.obj : error LNK2019: unresolved external symbol _DrawTexture referenced in function _main
lib\raylibdll.lib : warning LNK4272: library machine type 'x64' conflicts with target machine type 'x86'
C:\Users\LCV2032525\Desktop\RaylibTemplate\RaylibTemplate\Debug\Game.exe : fatal error LNK1120: 11 unresolved externals
